0 info it worked if it ends with ok
1 verbose cli [ '/usr/local/Cellar/node/5.8.0/bin/node',
1 verbose cli   '/usr/local/bin/npm',
1 verbose cli   'run',
1 verbose cli   'serve' ]
2 info using npm@3.7.3
3 info using node@v5.8.0
4 verbose run-script [ 'preserve', 'serve', 'postserve' ]
5 info lifecycle doing-papercraft@1.0.0~preserve: doing-papercraft@1.0.0
6 silly lifecycle doing-papercraft@1.0.0~preserve: no script for preserve, continuing
7 info lifecycle doing-papercraft@1.0.0~serve: doing-papercraft@1.0.0
8 verbose lifecycle doing-papercraft@1.0.0~serve: unsafe-perm in lifecycle true
9 verbose lifecycle doing-papercraft@1.0.0~serve: PATH: /usr/local/lib/node_modules/npm/bin/node-gyp-bin:/Users/icke/Documents/doing-papercraft/node_modules/.bin:/usr/local/Cellar/node/5.8.0/bin:/Users/icke/.rvm/gems/ruby-2.1.5/bin:/Users/icke/.rvm/gems/ruby-2.1.5@global/bin:/Users/icke/.rvm/rubies/ruby-2.1.5/bin:/Users/icke/perl5/bin:/usr/local/share/npm/bin:/usr/local/bin:/usr/local/sbin:/usr/local/bin:/usr/bin:/bin:/usr/sbin:/sbin:/opt/X11/bin:/usr/local/git/bin:/usr/local/go/bin:/usr/local/MacGPG2/bin:/Library/TeX/texbin:/usr/local/bin:/usr/bin:/Users/icke/bin:/Users/icke/.cabal/bin:/bin/sh:/Users/icke/Library/Python/2.7/bin:/usr/local/bin:/Users/icke/.rvm/gems/ruby-2.0.0-p451/bin:/Users/icke/.rvm/gems/ruby-2.0.0-p451@global/bin:/Users/icke/.rvm/rubies/ruby-2.0.0-p451/bin:/usr/bin:/bin:/usr/sbin:/sbin:/usr/local/bin:/opt/X11/bin:/usr/local/git/bin:/usr/local/MacGPG2/bin:/usr/local/bin:/usr/bin:/Users/icke/bin:/Users/icke/.cabal/bin:/bin/sh:/Users/icke/Library/Python/2.7/bin:/Users/icke/.rvm/bin:/usr/local/go/bin:/Users/icke/go/bin:/Users/icke/.rvm/bin
10 verbose lifecycle doing-papercraft@1.0.0~serve: CWD: /Users/icke/Documents/doing-papercraft
11 silly lifecycle doing-papercraft@1.0.0~serve: Args: [ '-c', 'mkdocs serve' ]
12 silly lifecycle doing-papercraft@1.0.0~serve: Returned: code: 1  signal: null
13 info lifecycle doing-papercraft@1.0.0~serve: Failed to exec serve script
14 verbose stack Error: doing-papercraft@1.0.0 serve: `mkdocs serve`
14 verbose stack Exit status 1
14 verbose stack     at EventEmitter.<anonymous> (/usr/local/lib/node_modules/npm/lib/utils/lifecycle.js:239:16)
14 verbose stack     at emitTwo (events.js:100:13)
14 verbose stack     at EventEmitter.emit (events.js:185:7)
14 verbose stack     at ChildProcess.<anonymous> (/usr/local/lib/node_modules/npm/lib/utils/spawn.js:24:14)
14 verbose stack     at emitTwo (events.js:100:13)
14 verbose stack     at ChildProcess.emit (events.js:185:7)
14 verbose stack     at maybeClose (internal/child_process.js:850:16)
14 verbose stack     at Process.ChildProcess._handle.onexit (internal/child_process.js:215:5)
15 verbose pkgid doing-papercraft@1.0.0
16 verbose cwd /Users/icke/Documents/doing-papercraft
17 error Darwin 15.4.0
18 error argv "/usr/local/Cellar/node/5.8.0/bin/node" "/usr/local/bin/npm" "run" "serve"
19 error node v5.8.0
20 error npm  v3.7.3
21 error code ELIFECYCLE
22 error doing-papercraft@1.0.0 serve: `mkdocs serve`
22 error Exit status 1
23 error Failed at the doing-papercraft@1.0.0 serve script 'mkdocs serve'.
23 error Make sure you have the latest version of node.js and npm installed.
23 error If you do, this is most likely a problem with the doing-papercraft package,
23 error not with npm itself.
23 error Tell the author that this fails on your system:
23 error     mkdocs serve
23 error You can get information on how to open an issue for this project with:
23 error     npm bugs doing-papercraft
23 error Or if that isn't available, you can get their info via:
23 error     npm owner ls doing-papercraft
23 error There is likely additional logging output above.
24 verbose exit [ 1, true ]
